<?xml version="1.0" encoding="UTF-8"?>
<testsuite xmlns:xsi="http://www.w3.org/2001/XMLSchema-instance" xsi:schemaLocation="https://maven.apache.org/surefire/maven-surefire-plugin/xsd/surefire-test-report.xsd" name="runner.TestRunner" time="381.938" tests="14" errors="0" skipped="0" failures="1">
  <properties>
[...]
</properties>
  <testcase name="Login with valid credentials #1" classname="Login Functionality" time="46.828"/>
  <testcase name="Login with valid credentials #2" classname="Login Functionality" time="27.781"/>
  <testcase name="Login with valid credentials #3" classname="Login Functionality" time="24.872"/>
  <testcase name="Login with invalid credentials" classname="Login Functionality" time="26.313"/>
  <testcase name="Login with valid email and invalid password" classname="Login Functionality" time="24.306"/>
  <testcase name="Login with invalid email and valid password" classname="Login Functionality" time="24.658"/>
  <testcase name="Login without providing any credentials" classname="Login Functionality" time="24.623"/>
  <testcase name="User creates an account only with mandatory fields" classname="Registertion functionality" time="25.659"/>
  <testcase name="User creates an account with all fields" classname="Registertion functionality" time="25.942"/>
  <testcase name="User creates with dupicate email/account" classname="Registertion functionality" time="26.999"/>
  <testcase name="User creates an account without filling any details" classname="Registertion functionality" time="23.244"/>
  <testcase name="User searches for valid Product" classname="Search Functionality" time="28.076">
    <failure type="java.lang.AssertionError">java.lang.AssertionError
</failure>
    <system-out><![CDATA[
Scenario: User searches for valid Product                            &amp#27;[90m# src/test/resources/features/Search.feature:3&amp#27;[0m
  &amp#27;[32mGiven &amp#27;[0m&amp#27;[32muser opens the application&amp#27;[0m                                   &amp#27;[90m# stepdefinitions.Search.user_opens_the_application()&amp#27;[0m
  &amp#27;[32mWhen &amp#27;[0m&amp#27;[32muser enters valid product &amp#27;[0m&amp#27;[32m&amp#27;[1m"HP"&amp#27;[0m&amp#27;[32m in the search field&amp#27;[0m            &amp#27;[90m# stepdefinitions.Search.user_enters_valid_product_in_the_search_field(java.lang.String)&amp#27;[0m
  &amp#27;[32mAnd &amp#27;[0m&amp#27;[32muser clicks on search button&amp#27;[0m                                   &amp#27;[90m# stepdefinitions.Search.user_clicks_on_search_button()&amp#27;[0m
  &amp#27;[31mThen &amp#27;[0m&amp#27;[31muser should get valid product displayed in the search results&amp#27;[0m &amp#27;[90m# stepdefinitions.Search.user_should_get_valid_product_displayed_in_the_search_results()&amp#27;[0m
      &amp#27;[31mjava.lang.AssertionError
	at org.junit.Assert.fail(Assert.java:87)
	at org.junit.Assert.fail(Assert.java:96)
	at stepdefinitions.Search.user_should_get_valid_product_displayed_in_the_search_results(Search.java:49)
	at âœ½.user should get valid product displayed in the search results(file:///D:/JAVA/Selenium%20Workspace/TutoNinja/src/test/resources/features/Search.feature:7)
&amp#27;[0m

    Embedding User_searches_for_valid_Product [image/png 74647 bytes]

]]></system-out>
    <system-err><![CDATA[Jul 24, 2023 11:18:43 AM org.openqa.selenium.remote.service.DriverService$Builder getLogOutput
INFO: Driver logs no longer sent to console by default; https://www.selenium.dev/documentation/webdriver/drivers/service/#setting-log-output
Jul 24, 2023 11:18:45 AM org.openqa.selenium.manager.SeleniumManager lambda$runCommand$1
WARNING: The version of firefox cannot be detected. Trying with latest driver version
]]></system-err>
  </testcase>
  <testcase name="User searches for invalid Product" classname="Search Functionality" time="22.943"/>
  <testcase name="User searches with entering any product" classname="Search Functionality" time="23.375"/>
</testsuite>